[debug] [2019-09-26T05:50:04.632Z] ----------------------------------------------------------------------
[debug] [2019-09-26T05:50:04.633Z] Command:       C:\Program Files\nodejs\node.exe C:\Users\pnascimento\AppData\Roaming\npm\node_modules\firebase-tools\lib\bin\firebase.js functions:shell
[debug] [2019-09-26T05:50:04.634Z] CLI Version:   7.3.1
[debug] [2019-09-26T05:50:04.634Z] Platform:      win32
[debug] [2019-09-26T05:50:04.634Z] Node Version:  v10.15.3
[debug] [2019-09-26T05:50:04.634Z] Time:          Wed Sep 25 2019 22:50:04 GMT-0700 (Pacific Daylight Time)
[debug] [2019-09-26T05:50:04.635Z] ----------------------------------------------------------------------
[debug] 
[debug] [2019-09-26T05:50:04.641Z] > command requires scopes: ["email","openid","https://www.googleapis.com/auth/cloudplatformprojects.readonly","https://www.googleapis.com/auth/firebase","https://www.googleapis.com/auth/cloud-platform"]
[debug] [2019-09-26T05:50:04.642Z] > authorizing via signed-in user
[debug] [2019-09-26T05:50:04.642Z] [iam] checking project ftpfantasy-f75a6 for permissions ["firebase.projects.get"]
[debug] [2019-09-26T05:50:04.643Z] >>> HTTP REQUEST POST https://cloudresourcemanager.googleapis.com/v1/projects/ftpfantasy-f75a6:testIamPermissions  

[debug] [2019-09-26T05:50:04.787Z] <<< HTTP RESPONSE 200
[warn] !  Your requested "node" version "8" doesn't match your global version "10"
[info] +  functions: Emulator started at http://localhost:5000
[debug] [2019-09-26T05:50:05.062Z] [functions] Watching "C:\Users\pnascimento\Documents\productive\ftpfantasy\functions" for Cloud Functions...
[debug] [2019-09-26T05:50:05.391Z] DEBUG: [runtime-status] Functions runtime initialized. {"cwd":"C:\\Users\\pnascimento\\Documents\\productive\\ftpfantasy\\functions","node_version":"10.15.3"}
[debug] [2019-09-26T05:50:05.391Z] DEBUG: [runtime-status] Disabled runtime features: {"functions_config_helper":true,"network_filtering":true,"timeout":true,"memory_limiting":true,"admin_stubs":true} {}
[debug] [2019-09-26T05:50:05.394Z] DEBUG: [runtime-status] Resolved module firebase-admin {"declared":true,"installed":true,"version":"8.6.0","resolution":"C:\\Users\\pnascimento\\Documents\\productive\\ftpfantasy\\functions\\node_modules\\firebase-admin\\lib\\index.js"}
[debug] [2019-09-26T05:50:05.395Z] DEBUG: [runtime-status] Resolved module firebase-functions {"declared":true,"installed":true,"version":"3.2.0","resolution":"C:\\Users\\pnascimento\\Documents\\productive\\ftpfantasy\\functions\\node_modules\\firebase-functions\\lib\\index.js"}
[debug] [2019-09-26T05:50:05.396Z] DEBUG: [runtime-status] Resolved module firebase-functions {"declared":true,"installed":true,"version":"3.2.0","resolution":"C:\\Users\\pnascimento\\Documents\\productive\\ftpfantasy\\functions\\node_modules\\firebase-functions\\lib\\index.js"}
[debug] [2019-09-26T05:50:05.954Z] [functions[api]] http function initialized (http://localhost:5000/ftpfantasy-f75a6/us-central1/api).
[info] i  functions: Loaded functions: api
[debug] [2019-09-26T05:50:20.763Z] DEBUG: File C:\Users\pnascimento\Documents\productive\ftpfantasy\functions\index.js changed, reloading triggers
[debug] [2019-09-26T05:50:22.113Z] DEBUG: [runtime-status] Functions runtime initialized. {"cwd":"C:\\Users\\pnascimento\\Documents\\productive\\ftpfantasy\\functions","node_version":"10.15.3"}
[debug] [2019-09-26T05:50:22.113Z] DEBUG: [runtime-status] Disabled runtime features: {"functions_config_helper":true,"network_filtering":true,"timeout":true,"memory_limiting":true,"admin_stubs":true} {}
[debug] [2019-09-26T05:50:22.116Z] DEBUG: [runtime-status] Resolved module firebase-admin {"declared":true,"installed":true,"version":"8.6.0","resolution":"C:\\Users\\pnascimento\\Documents\\productive\\ftpfantasy\\functions\\node_modules\\firebase-admin\\lib\\index.js"}
[debug] [2019-09-26T05:50:22.118Z] DEBUG: [runtime-status] Resolved module firebase-functions {"declared":true,"installed":true,"version":"3.2.0","resolution":"C:\\Users\\pnascimento\\Documents\\productive\\ftpfantasy\\functions\\node_modules\\firebase-functions\\lib\\index.js"}
[debug] [2019-09-26T05:50:22.119Z] DEBUG: [runtime-status] Resolved module firebase-functions {"declared":true,"installed":true,"version":"3.2.0","resolution":"C:\\Users\\pnascimento\\Documents\\productive\\ftpfantasy\\functions\\node_modules\\firebase-functions\\lib\\index.js"}
[debug] [2019-09-26T05:50:32.968Z] DEBUG: File C:\Users\pnascimento\Documents\productive\ftpfantasy\functions\index.js changed, reloading triggers
[debug] [2019-09-26T05:50:34.291Z] DEBUG: [runtime-status] Functions runtime initialized. {"cwd":"C:\\Users\\pnascimento\\Documents\\productive\\ftpfantasy\\functions","node_version":"10.15.3"}
[debug] [2019-09-26T05:50:34.291Z] DEBUG: [runtime-status] Disabled runtime features: {"functions_config_helper":true,"network_filtering":true,"timeout":true,"memory_limiting":true,"admin_stubs":true} {}
[debug] [2019-09-26T05:50:34.294Z] DEBUG: [runtime-status] Resolved module firebase-admin {"declared":true,"installed":true,"version":"8.6.0","resolution":"C:\\Users\\pnascimento\\Documents\\productive\\ftpfantasy\\functions\\node_modules\\firebase-admin\\lib\\index.js"}
[debug] [2019-09-26T05:50:34.296Z] DEBUG: [runtime-status] Resolved module firebase-functions {"declared":true,"installed":true,"version":"3.2.0","resolution":"C:\\Users\\pnascimento\\Documents\\productive\\ftpfantasy\\functions\\node_modules\\firebase-functions\\lib\\index.js"}
[debug] [2019-09-26T05:50:34.296Z] DEBUG: [runtime-status] Resolved module firebase-functions {"declared":true,"installed":true,"version":"3.2.0","resolution":"C:\\Users\\pnascimento\\Documents\\productive\\ftpfantasy\\functions\\node_modules\\firebase-functions\\lib\\index.js"}
[info] >  ttttt
[debug] [2019-09-26T05:50:42.171Z] DEBUG: File C:\Users\pnascimento\Documents\productive\ftpfantasy\functions\index.js changed, reloading triggers
[debug] [2019-09-26T05:50:43.537Z] DEBUG: [runtime-status] Functions runtime initialized. {"cwd":"C:\\Users\\pnascimento\\Documents\\productive\\ftpfantasy\\functions","node_version":"10.15.3"}
[debug] [2019-09-26T05:50:43.537Z] DEBUG: [runtime-status] Disabled runtime features: {"functions_config_helper":true,"network_filtering":true,"timeout":true,"memory_limiting":true,"admin_stubs":true} {}
[debug] [2019-09-26T05:50:43.540Z] DEBUG: [runtime-status] Resolved module firebase-admin {"declared":true,"installed":true,"version":"8.6.0","resolution":"C:\\Users\\pnascimento\\Documents\\productive\\ftpfantasy\\functions\\node_modules\\firebase-admin\\lib\\index.js"}
[debug] [2019-09-26T05:50:43.541Z] DEBUG: [runtime-status] Resolved module firebase-functions {"declared":true,"installed":true,"version":"3.2.0","resolution":"C:\\Users\\pnascimento\\Documents\\productive\\ftpfantasy\\functions\\node_modules\\firebase-functions\\lib\\index.js"}
[debug] [2019-09-26T05:50:43.542Z] DEBUG: [runtime-status] Resolved module firebase-functions {"declared":true,"installed":true,"version":"3.2.0","resolution":"C:\\Users\\pnascimento\\Documents\\productive\\ftpfantasy\\functions\\node_modules\\firebase-functions\\lib\\index.js"}
[info] >  0
[debug] [2019-09-26T05:50:51.363Z] DEBUG: File C:\Users\pnascimento\Documents\productive\ftpfantasy\functions\index.js changed, reloading triggers
[debug] [2019-09-26T05:50:52.723Z] DEBUG: [runtime-status] Functions runtime initialized. {"cwd":"C:\\Users\\pnascimento\\Documents\\productive\\ftpfantasy\\functions","node_version":"10.15.3"}
[debug] [2019-09-26T05:50:52.723Z] DEBUG: [runtime-status] Disabled runtime features: {"functions_config_helper":true,"network_filtering":true,"timeout":true,"memory_limiting":true,"admin_stubs":true} {}
[debug] [2019-09-26T05:50:52.726Z] DEBUG: [runtime-status] Resolved module firebase-admin {"declared":true,"installed":true,"version":"8.6.0","resolution":"C:\\Users\\pnascimento\\Documents\\productive\\ftpfantasy\\functions\\node_modules\\firebase-admin\\lib\\index.js"}
[debug] [2019-09-26T05:50:52.728Z] DEBUG: [runtime-status] Resolved module firebase-functions {"declared":true,"installed":true,"version":"3.2.0","resolution":"C:\\Users\\pnascimento\\Documents\\productive\\ftpfantasy\\functions\\node_modules\\firebase-functions\\lib\\index.js"}
[debug] [2019-09-26T05:50:52.728Z] DEBUG: [runtime-status] Resolved module firebase-functions {"declared":true,"installed":true,"version":"3.2.0","resolution":"C:\\Users\\pnascimento\\Documents\\productive\\ftpfantasy\\functions\\node_modules\\firebase-functions\\lib\\index.js"}
[debug] [2019-09-26T05:51:00.546Z] DEBUG: File C:\Users\pnascimento\Documents\productive\ftpfantasy\functions\index.js changed, reloading triggers
[debug] [2019-09-26T05:51:01.879Z] DEBUG: [runtime-status] Functions runtime initialized. {"cwd":"C:\\Users\\pnascimento\\Documents\\productive\\ftpfantasy\\functions","node_version":"10.15.3"}
[debug] [2019-09-26T05:51:01.879Z] DEBUG: [runtime-status] Disabled runtime features: {"functions_config_helper":true,"network_filtering":true,"timeout":true,"memory_limiting":true,"admin_stubs":true} {}
[debug] [2019-09-26T05:51:01.882Z] DEBUG: [runtime-status] Resolved module firebase-admin {"declared":true,"installed":true,"version":"8.6.0","resolution":"C:\\Users\\pnascimento\\Documents\\productive\\ftpfantasy\\functions\\node_modules\\firebase-admin\\lib\\index.js"}
[debug] [2019-09-26T05:51:01.884Z] DEBUG: [runtime-status] Resolved module firebase-functions {"declared":true,"installed":true,"version":"3.2.0","resolution":"C:\\Users\\pnascimento\\Documents\\productive\\ftpfantasy\\functions\\node_modules\\firebase-functions\\lib\\index.js"}
[debug] [2019-09-26T05:51:01.885Z] DEBUG: [runtime-status] Resolved module firebase-functions {"declared":true,"installed":true,"version":"3.2.0","resolution":"C:\\Users\\pnascimento\\Documents\\productive\\ftpfantasy\\functions\\node_modules\\firebase-functions\\lib\\index.js"}
[debug] [2019-09-26T05:51:10.990Z] DEBUG: File C:\Users\pnascimento\Documents\productive\ftpfantasy\functions\index.js changed, reloading triggers
[debug] [2019-09-26T05:51:12.323Z] DEBUG: [runtime-status] Functions runtime initialized. {"cwd":"C:\\Users\\pnascimento\\Documents\\productive\\ftpfantasy\\functions","node_version":"10.15.3"}
[debug] [2019-09-26T05:51:12.323Z] DEBUG: [runtime-status] Disabled runtime features: {"functions_config_helper":true,"network_filtering":true,"timeout":true,"memory_limiting":true,"admin_stubs":true} {}
[debug] [2019-09-26T05:51:12.326Z] DEBUG: [runtime-status] Resolved module firebase-admin {"declared":true,"installed":true,"version":"8.6.0","resolution":"C:\\Users\\pnascimento\\Documents\\productive\\ftpfantasy\\functions\\node_modules\\firebase-admin\\lib\\index.js"}
[debug] [2019-09-26T05:51:12.328Z] DEBUG: [runtime-status] Resolved module firebase-functions {"declared":true,"installed":true,"version":"3.2.0","resolution":"C:\\Users\\pnascimento\\Documents\\productive\\ftpfantasy\\functions\\node_modules\\firebase-functions\\lib\\index.js"}
[debug] [2019-09-26T05:51:12.328Z] DEBUG: [runtime-status] Resolved module firebase-functions {"declared":true,"installed":true,"version":"3.2.0","resolution":"C:\\Users\\pnascimento\\Documents\\productive\\ftpfantasy\\functions\\node_modules\\firebase-functions\\lib\\index.js"}
[info] >  initialize {
[info] >    options:
[info] >     { withDomLvl1: true,
[info] >       normalizeWhitespace: false,
[info] >       xml: false,
[info] >       decodeEntities: true },
[info] >    _root:
[info] >     initialize {
[info] >       '0':
[info] >        { type: 'root',
[info] >          name: 'root',
[info] >          namespace: 'http://www.w3.org/1999/xhtml',
[info] >          attribs: [Object: null prototype] {},
[info] >          'x-attribsNamespace': [Object: null prototype] {},
[info] >          'x-attribsPrefix': [Object: null prototype] {},
[info] >          children: [Array],
[info] >          parent: null,
[info] >          prev: null,
[info] >          next: null },
[info] >       options:
[info] >        { withDomLvl1: true,
[info] >          normalizeWhitespace: false,
[info] >          xml: false,
[info] >          decodeEntities: true },
[info] >       length: 1,
[info] >       _root: [Circular] },
[info] >    length: 0,
[info] >    prevObject:
[info] >     initialize {
[info] >       '0':
[info] >        { type: 'root',
[info] >          name: 'root',
[info] >          namespace: 'http://www.w3.org/1999/xhtml',
[info] >          attribs: [Object: null prototype] {},
[info] >          'x-attribsNamespace': [Object: null prototype] {},
[info] >          'x-attribsPrefix': [Object: null prototype] {},
[info] >          children: [Array],
[info] >          parent: null,
[info] >          prev: null,
[info] >          next: null },
[info] >       options:
[info] >        { withDomLvl1: true,
[info] >          normalizeWhitespace: false,
[info] >          xml: false,
[info] >          decodeEntities: true },
[info] >       length: 1,
[info] >       _root: [Circular] } }
[debug] [2019-09-26T05:58:46.669Z] DEBUG: File C:\Users\pnascimento\Documents\productive\ftpfantasy\functions\index.js changed, reloading triggers
[debug] [2019-09-26T05:58:48.131Z] DEBUG: [runtime-status] Functions runtime initialized. {"cwd":"C:\\Users\\pnascimento\\Documents\\productive\\ftpfantasy\\functions","node_version":"10.15.3"}
[debug] [2019-09-26T05:58:48.131Z] DEBUG: [runtime-status] Disabled runtime features: {"functions_config_helper":true,"network_filtering":true,"timeout":true,"memory_limiting":true,"admin_stubs":true} {}
[debug] [2019-09-26T05:58:48.135Z] DEBUG: [runtime-status] Resolved module firebase-admin {"declared":true,"installed":true,"version":"8.6.0","resolution":"C:\\Users\\pnascimento\\Documents\\productive\\ftpfantasy\\functions\\node_modules\\firebase-admin\\lib\\index.js"}
[debug] [2019-09-26T05:58:48.137Z] DEBUG: [runtime-status] Resolved module firebase-functions {"declared":true,"installed":true,"version":"3.2.0","resolution":"C:\\Users\\pnascimento\\Documents\\productive\\ftpfantasy\\functions\\node_modules\\firebase-functions\\lib\\index.js"}
[debug] [2019-09-26T05:58:48.138Z] DEBUG: [runtime-status] Resolved module firebase-functions {"declared":true,"installed":true,"version":"3.2.0","resolution":"C:\\Users\\pnascimento\\Documents\\productive\\ftpfantasy\\functions\\node_modules\\firebase-functions\\lib\\index.js"}
[info] >  initialize {
[info] >    options:
[info] >     { withDomLvl1: true,
[info] >       normalizeWhitespace: false,
[info] >       xml: false,
[info] >       decodeEntities: true },
[info] >    _root:
[info] >     initialize {
[info] >       '0':
[info] >        { type: 'root',
[info] >          name: 'root',
[info] >          namespace: 'http://www.w3.org/1999/xhtml',
[info] >          attribs: [Object: null prototype] {},
[info] >          'x-attribsNamespace': [Object: null prototype] {},
[info] >          'x-attribsPrefix': [Object: null prototype] {},
[info] >          children: [Array],
[info] >          parent: null,
[info] >          prev: null,
[info] >          next: null },
[info] >       options:
[info] >        { withDomLvl1: true,
[info] >          normalizeWhitespace: false,
[info] >          xml: false,
[info] >          decodeEntities: true },
[info] >       length: 1,
[info] >       _root: [Circular] },
[info] >    length: 0,
[info] >    prevObject:
[info] >     initialize {
[info] >       '0':
[info] >        { type: 'root',
[info] >          name: 'root',
[info] >          namespace: 'http://www.w3.org/1999/xhtml',
[info] >          attribs: [Object: null prototype] {},
[info] >          'x-attribsNamespace': [Object: null prototype] {},
[info] >          'x-attribsPrefix': [Object: null prototype] {},
[info] >          children: [Array],
[info] >          parent: null,
[info] >          prev: null,
[info] >          next: null },
[info] >       options:
[info] >        { withDomLvl1: true,
[info] >          normalizeWhitespace: false,
[info] >          xml: false,
[info] >          decodeEntities: true },
[info] >       length: 1,
[info] >       _root: [Circular] } }
